<?xml version="1.0" encoding="UTF-8"?><testsuite errors="0" failures="1" name="Admin can Accept The Incoming Order" skipped="0" tests="1" time="5.22" timestamp="2022-03-17 08:30:18"><testcase name="as an Admin, I can accept Order"><failure message="1 expectation failed.&#10;Expected status code &lt;200&gt; but was &lt;400&gt;.&#10;" type="java.lang.AssertionError">1 expectation failed.
Expected status code &lt;200&gt; but was &lt;400&gt;.
</failure><system-err>1 expectation failed.
Expected status code &lt;200&gt; but was &lt;400&gt;.
&#13;
io.restassured.internal.ResponseSpecificationImpl.validateResponseIfRequired(ResponseSpecificationImpl.groovy:674)&#13;
io.restassured.internal.ResponseSpecificationImpl.statusCode(ResponseSpecificationImpl.groovy:126)&#13;
io.restassured.internal.ResponseSpecificationImpl.statusCode(ResponseSpecificationImpl.groovy:134)&#13;
io.restassured.internal.ValidatableResponseOptionsImpl.statusCode(ValidatableResponseOptionsImpl.java:89)&#13;
io.restassured.internal.ValidatableResponseImpl.super$2$statusCode(ValidatableResponseImpl.groovy)&#13;
groovy.lang.MetaMethod.doMethodInvoke(MetaMethod.java:323)&#13;
groovy.lang.MetaClassImpl.invokeMethod(MetaClassImpl.java:1267)&#13;
io.restassured.internal.ValidatableResponseImpl.statusCode(ValidatableResponseImpl.groovy:142)&#13;
io.restassured.internal.ValidatableResponseImpl.statusCode(ValidatableResponseImpl.groovy)&#13;
starter.stepdefinition.StepDefAcceptOrder.lambda$TheOrderChangedTobeStatus$0(StepDefAcceptOrder.java:28)&#13;
net.serenitybdd.rest.SerenityRest.restAssuredThat(SerenityRest.java:626)&#13;
starter.stepdefinition.StepDefAcceptOrder.TheOrderChangedTobeStatus(StepDefAcceptOrder.java:27)&#13;
✽.the API give response and The Order Changed tobe Status "Accepted"(file:///E:/AlterraAcademy/capstone-project/serenity-rest-starter-master/S3/src/test/resources/features/AcceptOrder.feature:6)&#13;
</system-err></testcase></testsuite>