-------------------------------------------------------------------------------
Test set: User Register
-------------------------------------------------------------------------------
Tests run: 1, Failures: 1, Errors: 0, Skipped: 0, Time elapsed: 13.52 s <<< FAILURE! - in User Register
User Register.as a new user, I do to register to the page  Time elapsed: 13.52 s  <<< FAILURE!
java.lang.AssertionError: 
1 expectation failed.
Expected status code <201> but was <500>.


